<?xml version="1.0" encoding="UTF-8"?>
<!-- Generated by org.testng.reporters.JUnitReportReporter -->
<testsuite hostname="WSQAICD1001n" name="df.tests.HeaderTest" tests="3" failures="0" timestamp="10 Aug 2015 14:43:25 GMT" time="107.273" errors="0">
  <testcase name="verifyHeaderControls" time="53.732" classname="df.tests.HeaderTest"/>
  <testcase name="verifyHeaderControls" time="45.862" classname="df.tests.HeaderTest"/>
  <testcase name="verifyHeaderControls" time="7.679" classname="df.tests.HeaderTest"/>
</testsuite> <!-- df.tests.HeaderTest -->
