<?xml version="1.0" encoding="UTF-8"?>
<!-- Generated by org.testng.reporters.JUnitReportReporter -->
<testsuite hostname="WSQAICD1001n" name="df.tests.testA" tests="1" failures="0" timestamp="12 Oct 2015 16:19:37 GMT" time="13.855" errors="0">
  <testcase name="test" time="13.855" classname="df.tests.testA"/>
</testsuite> <!-- df.tests.testA -->
