<?xml version="1.0" encoding="UTF-8"?>
<!-- Generated by org.testng.reporters.JUnitReportReporter -->
<testsuite hostname="WSQAICD1001n" name="df.tests.MainPanelTest" tests="3" failures="0" timestamp="10 Aug 2015 14:43:24 GMT" time="105.404" errors="0">
  <testcase name="verifyMainPanelControls" time="50.696" classname="df.tests.MainPanelTest"/>
  <testcase name="verifyMainPanelControls" time="8.716" classname="df.tests.MainPanelTest"/>
  <testcase name="verifyMainPanelControls" time="45.992" classname="df.tests.MainPanelTest"/>
</testsuite> <!-- df.tests.MainPanelTest -->
