<?xml version="1.0" encoding="UTF-8"?>
<!-- Generated by org.testng.reporters.JUnitReportReporter -->
<testsuite hostname="WSQAICD1001n" name="df.tests.LeftNavBarTest" tests="3" failures="0" timestamp="10 Aug 2015 14:43:24 GMT" time="205.109" errors="0">
  <testcase name="verifyLeftSideControls" time="55.829" classname="df.tests.LeftNavBarTest"/>
  <testcase name="verifyLeftSideControls" time="100.646" classname="df.tests.LeftNavBarTest"/>
  <testcase name="verifyLeftSideControls" time="48.634" classname="df.tests.LeftNavBarTest"/>
</testsuite> <!-- df.tests.LeftNavBarTest -->
