<?xml version="1.0" encoding="UTF-8"?>
<!-- Generated by org.testng.reporters.JUnitReportReporter -->
<testsuite hostname="WSQAICD1001n" name="df.tests.testA" tests="1" failures="0" timestamp="13 Oct 2015 10:28:12 GMT" time="18.944" errors="0">
  <testcase name="test" time="18.944" classname="df.tests.testA"/>
</testsuite> <!-- df.tests.testA -->
